#-----------------------------------------------------------
# Vivado v2018.3 (64-bit)
# SW Build 2405991 on Thu Dec  6 23:38:27 MST 2018
# IP Build 2404404 on Fri Dec  7 01:43:56 MST 2018
# Start of session at: Fri Aug 27 12:44:54 2021
# Process ID: 9148
# Current directory: C:/Users/iremn/genel_fifo_arayuzu
# Command line: vivado.exe -gui_launcher_event rodinguilauncherevent6044 C:\Users\iremn\genel_fifo_arayuzu\genel_fifo_arayuzu.xpr
# Log file: C:/Users/iremn/genel_fifo_arayuzu/vivado.log
# Journal file: C:/Users/iremn/genel_fifo_arayuzu\vivado.jou
#-----------------------------------------------------------
start_gui
open_project C:/Users/iremn/genel_fifo_arayuzu/genel_fifo_arayuzu.xpr
INFO: [Project 1-313] Project file moved from 'C:/Users/iremn/OneDrive/Masaüstü/genel_fifo_arayuzu' since last save.
Scanning sources...
Finished scanning sources
INFO: [IP_Flow 19-234] Refreshing IP repositories
INFO: [IP_Flow 19-1704] No user IP repositories specified
INFO: [IP_Flow 19-2313] Loaded Vivado IP repository 'C:/Xilinx/Vivado/2018.3/data/ip'.
open_project: Time (s): cpu = 00:00:17 ; elapsed = 00:00:08 . Memory (MB): peak = 693.340 ; gain = 87.246
